This is XeTeX, Version 3.141592653-2.6-0.999996 (TeX Live 2024) (preloaded format=xelatex 2024.9.13)  10 MAR 2025 19:11
entering extended mode
 \write18 enabled.
 file:line:error style messages enabled.
 %&-line parsing enabled.
**"/Users/olivierlaurent/Documents/Travail Olivier/Git/olaurent.github.io/temporary_svgconvert/temporary.tex"
(/Users/olivierlaurent/Documents/Travail Olivier/Git/olaurent.github.io/temporary_svgconvert/temporary.tex
LaTeX2e <2023-11-01> patch level 1
L3 programming layer <2024-02-20>
(/usr/local/texlive/2024/texmf-dist/tex/latex/base/article.cls
Document Class: article 2023/05/17 v1.4n Standard LaTeX document class
(/usr/local/texlive/2024/texmf-dist/tex/latex/base/size10.clo
File: size10.clo 2023/05/17 v1.4n Standard LaTeX file (size option)
)
\c@part=\count184
\c@section=\count185
\c@subsection=\count186
\c@subsubsection=\count187
\c@paragraph=\count188
\c@subparagraph=\count189
\c@figure=\count190
\c@table=\count191
\abovecaptionskip=\skip48
\belowcaptionskip=\skip49
\bibindent=\dimen140
) (/usr/local/texlive/2024/texmf-dist/tex/latex/proflycee/ProfLycee.sty
Package: ProfLycee 2025/02/10 3.11a Aide pour l'utilisation de LaTeX en lycee
 (/usr/local/texlive/2024/texmf-dist/tex/latex/mathtools/mathtools.sty
Package: mathtools 2024/03/11 v1.30 mathematical typesetting tools
 (/usr/local/texlive/2024/texmf-dist/tex/latex/graphics/keyval.sty
Package: keyval 2022/05/29 v1.15 key=value parser (DPC)
\KV@toks@=\toks17
) (/usr/local/texlive/2024/texmf-dist/tex/latex/tools/calc.sty
Package: calc 2023/07/08 v4.3 Infix arithmetic (KKT,FJ)
\calc@Acount=\count192
\calc@Bcount=\count193
\calc@Adimen=\dimen141
\calc@Bdimen=\dimen142
\calc@Askip=\skip50
\calc@Bskip=\skip51
LaTeX Info: Redefining \setlength on input line 80.
LaTeX Info: Redefining \addtolength on input line 81.
\calc@Ccount=\count194
\calc@Cskip=\skip52
) (/usr/local/texlive/2024/texmf-dist/tex/latex/mathtools/mhsetup.sty
Package: mhsetup 2021/03/18 v1.4 programming setup (MH)
) (/usr/local/texlive/2024/texmf-dist/tex/latex/amsmath/amsmath.sty
Package: amsmath 2023/05/13 v2.17o AMS math features
\@mathmargin=\skip53

For additional information on amsmath, use the `?' option.
(/usr/local/texlive/2024/texmf-dist/tex/latex/amsmath/amstext.sty
Package: amstext 2021/08/26 v2.01 AMS text
 (/usr/local/texlive/2024/texmf-dist/tex/latex/amsmath/amsgen.sty
File: amsgen.sty 1999/11/30 v2.0 generic functions
\@emptytoks=\toks18
\ex@=\dimen143
)) (/usr/local/texlive/2024/texmf-dist/tex/latex/amsmath/amsbsy.sty
Package: amsbsy 1999/11/29 v1.2d Bold Symbols
\pmbraise@=\dimen144
) (/usr/local/texlive/2024/texmf-dist/tex/latex/amsmath/amsopn.sty
Package: amsopn 2022/04/08 v2.04 operator names
)
\inf@bad=\count195
LaTeX Info: Redefining \frac on input line 234.
\uproot@=\count196
\leftroot@=\count197
LaTeX Info: Redefining \overline on input line 399.
LaTeX Info: Redefining \colon on input line 410.
\classnum@=\count198
\DOTSCASE@=\count199
LaTeX Info: Redefining \ldots on input line 496.
LaTeX Info: Redefining \dots on input line 499.
LaTeX Info: Redefining \cdots on input line 620.
\Mathstrutbox@=\box51
\strutbox@=\box52
LaTeX Info: Redefining \big on input line 722.
LaTeX Info: Redefining \Big on input line 723.
LaTeX Info: Redefining \bigg on input line 724.
LaTeX Info: Redefining \Bigg on input line 725.
\big@size=\dimen145
LaTeX Font Info:    Redeclaring font encoding OML on input line 743.
LaTeX Font Info:    Redeclaring font encoding OMS on input line 744.
\macc@depth=\count266
LaTeX Info: Redefining \bmod on input line 905.
LaTeX Info: Redefining \pmod on input line 910.
LaTeX Info: Redefining \smash on input line 940.
LaTeX Info: Redefining \relbar on input line 970.
LaTeX Info: Redefining \Relbar on input line 971.
\c@MaxMatrixCols=\count267
\dotsspace@=\muskip16
\c@parentequation=\count268
\dspbrk@lvl=\count269
\tag@help=\toks19
\row@=\count270
\column@=\count271
\maxfields@=\count272
\andhelp@=\toks20
\eqnshift@=\dimen146
\alignsep@=\dimen147
\tagshift@=\dimen148
\tagwidth@=\dimen149
\totwidth@=\dimen150
\lineht@=\dimen151
\@envbody=\toks21
\multlinegap=\skip54
\multlinetaggap=\skip55
\mathdisplay@stack=\toks22
LaTeX Info: Redefining \[ on input line 2953.
LaTeX Info: Redefining \] on input line 2954.
)
\g_MT_multlinerow_int=\count273
\l_MT_multwidth_dim=\dimen152
\origjot=\skip56
\l_MT_shortvdotswithinadjustabove_dim=\dimen153
\l_MT_shortvdotswithinadjustbelow_dim=\dimen154
\l_MT_above_intertext_sep=\dimen155
\l_MT_below_intertext_sep=\dimen156
\l_MT_above_shortintertext_sep=\dimen157
\l_MT_below_shortintertext_sep=\dimen158
\xmathstrut@box=\box53
\xmathstrut@dim=\dimen159
) (/usr/local/texlive/2024/texmf-dist/tex/latex/amsfonts/amssymb.sty
Package: amssymb 2013/01/14 v3.01 AMS font symbols
 (/usr/local/texlive/2024/texmf-dist/tex/latex/amsfonts/amsfonts.sty
Package: amsfonts 2013/01/14 v3.01 Basic AMSFonts support
\symAMSa=\mathgroup4
\symAMSb=\mathgroup5
LaTeX Font Info:    Redeclaring math symbol \hbar on input line 98.
LaTeX Font Info:    Overwriting math alphabet `\mathfrak' in version `bold'
(Font)                  U/euf/m/n --> U/euf/b/n on input line 106.
)) (/usr/local/texlive/2024/texmf-dist/tex/latex/pgf/frontendlayer/tikz.sty (/usr/local/texlive/2024/texmf-dist/tex/latex/pgf/basiclayer/pgf.sty (/usr/local/texlive/2024/texmf-dist/tex/latex/pgf/utilities/pgfrcs.sty (/usr/local/texlive/2024/texmf-dist/tex/generic/pgf/utilities/pgfutil-common.tex
\pgfutil@everybye=\toks23
\pgfutil@tempdima=\dimen160
\pgfutil@tempdimb=\dimen161
) (/usr/local/texlive/2024/texmf-dist/tex/generic/pgf/utilities/pgfutil-latex.def
\pgfutil@abb=\box54
) (/usr/local/texlive/2024/texmf-dist/tex/generic/pgf/utilities/pgfrcs.code.tex (/usr/local/texlive/2024/texmf-dist/tex/generic/pgf/pgf.revision.tex)
Package: pgfrcs 2023-01-15 v3.1.10 (3.1.10)
))
Package: pgf 2023-01-15 v3.1.10 (3.1.10)
 (/usr/local/texlive/2024/texmf-dist/tex/latex/pgf/basiclayer/pgfcore.sty (/usr/local/texlive/2024/texmf-dist/tex/latex/graphics/graphicx.sty
Package: graphicx 2021/09/16 v1.2d Enhanced LaTeX Graphics (DPC,SPQR)
 (/usr/local/texlive/2024/texmf-dist/tex/latex/graphics/graphics.sty
Package: graphics 2022/03/10 v1.4e Standard LaTeX Graphics (DPC,SPQR)
 (/usr/local/texlive/2024/texmf-dist/tex/latex/graphics/trig.sty
Package: trig 2021/08/11 v1.11 sin cos tan (DPC)
) (/usr/local/texlive/2024/texmf-dist/tex/latex/graphics-cfg/graphics.cfg
File: graphics.cfg 2016/06/04 v1.11 sample graphics configuration
)
Package graphics Info: Driver file: xetex.def on input line 107.
 (/usr/local/texlive/2024/texmf-dist/tex/latex/graphics-def/xetex.def
File: xetex.def 2022/09/22 v5.0n Graphics/color driver for xetex
))
\Gin@req@height=\dimen162
\Gin@req@width=\dimen163
) (/usr/local/texlive/2024/texmf-dist/tex/latex/pgf/systemlayer/pgfsys.sty (/usr/local/texlive/2024/texmf-dist/tex/generic/pgf/systemlayer/pgfsys.code.tex
Package: pgfsys 2023-01-15 v3.1.10 (3.1.10)
 (/usr/local/texlive/2024/texmf-dist/tex/generic/pgf/utilities/pgfkeys.code.tex
\pgfkeys@pathtoks=\toks24
\pgfkeys@temptoks=\toks25
 (/usr/local/texlive/2024/texmf-dist/tex/generic/pgf/utilities/pgfkeyslibraryfiltered.code.tex
\pgfkeys@tmptoks=\toks26
))
\pgf@x=\dimen164
\pgf@y=\dimen165
\pgf@xa=\dimen166
\pgf@ya=\dimen167
\pgf@xb=\dimen168
\pgf@yb=\dimen169
\pgf@xc=\dimen170
\pgf@yc=\dimen171
\pgf@xd=\dimen172
\pgf@yd=\dimen173
\w@pgf@writea=\write3
\r@pgf@reada=\read2
\c@pgf@counta=\count274
\c@pgf@countb=\count275
\c@pgf@countc=\count276
\c@pgf@countd=\count277
\t@pgf@toka=\toks27
\t@pgf@tokb=\toks28
\t@pgf@tokc=\toks29
\pgf@sys@id@count=\count278
 (/usr/local/texlive/2024/texmf-dist/tex/generic/pgf/systemlayer/pgf.cfg
File: pgf.cfg 2023-01-15 v3.1.10 (3.1.10)
)
Driver file for pgf: pgfsys-xetex.def
 (/usr/local/texlive/2024/texmf-dist/tex/generic/pgf/systemlayer/pgfsys-xetex.def
File: pgfsys-xetex.def 2023-01-15 v3.1.10 (3.1.10)
 (/usr/local/texlive/2024/texmf-dist/tex/generic/pgf/systemlayer/pgfsys-dvipdfmx.def
File: pgfsys-dvipdfmx.def 2023-01-15 v3.1.10 (3.1.10)
 (/usr/local/texlive/2024/texmf-dist/tex/generic/pgf/systemlayer/pgfsys-common-pdf.def
File: pgfsys-common-pdf.def 2023-01-15 v3.1.10 (3.1.10)
)
\pgfsys@objnum=\count279
))) (/usr/local/texlive/2024/texmf-dist/tex/generic/pgf/systemlayer/pgfsyssoftpath.code.tex
File: pgfsyssoftpath.code.tex 2023-01-15 v3.1.10 (3.1.10)
\pgfsyssoftpath@smallbuffer@items=\count280
\pgfsyssoftpath@bigbuffer@items=\count281
) (/usr/local/texlive/2024/texmf-dist/tex/generic/pgf/systemlayer/pgfsysprotocol.code.tex
File: pgfsysprotocol.code.tex 2023-01-15 v3.1.10 (3.1.10)
)) (/usr/local/texlive/2024/texmf-dist/tex/latex/xcolor/xcolor.sty
Package: xcolor 2023/11/15 v3.01 LaTeX color extensions (UK)
 (/usr/local/texlive/2024/texmf-dist/tex/latex/graphics-cfg/color.cfg
File: color.cfg 2016/01/02 v1.6 sample color configuration
)
Package xcolor Info: Driver file: xetex.def on input line 274.
 (/usr/local/texlive/2024/texmf-dist/tex/latex/graphics/mathcolor.ltx)
Package xcolor Info: Model `cmy' substituted by `cmy0' on input line 1350.
Package xcolor Info: Model `RGB' extended on input line 1366.
Package xcolor Info: Model `HTML' substituted by `rgb' on input line 1368.
Package xcolor Info: Model `Hsb' substituted by `hsb' on input line 1369.
Package xcolor Info: Model `tHsb' substituted by `hsb' on input line 1370.
Package xcolor Info: Model `HSB' substituted by `hsb' on input line 1371.
Package xcolor Info: Model `Gray' substituted by `gray' on input line 1372.
Package xcolor Info: Model `wave' substituted by `hsb' on input line 1373.
) (/usr/local/texlive/2024/texmf-dist/tex/generic/pgf/basiclayer/pgfcore.code.tex
Package: pgfcore 2023-01-15 v3.1.10 (3.1.10)
 (/usr/local/texlive/2024/texmf-dist/tex/generic/pgf/math/pgfmath.code.tex (/usr/local/texlive/2024/texmf-dist/tex/generic/pgf/math/pgfmathutil.code.tex) (/usr/local/texlive/2024/texmf-dist/tex/generic/pgf/math/pgfmathparser.code.tex
\pgfmath@dimen=\dimen174
\pgfmath@count=\count282
\pgfmath@box=\box55
\pgfmath@toks=\toks30
\pgfmath@stack@operand=\toks31
\pgfmath@stack@operation=\toks32
) (/usr/local/texlive/2024/texmf-dist/tex/generic/pgf/math/pgfmathfunctions.code.tex) (/usr/local/texlive/2024/texmf-dist/tex/generic/pgf/math/pgfmathfunctions.basic.code.tex) (/usr/local/texlive/2024/texmf-dist/tex/generic/pgf/math/pgfmathfunctions.trigonometric.code.tex) (/usr/local/texlive/2024/texmf-dist/tex/generic/pgf/math/pgfmathfunctions.random.code.tex) (/usr/local/texlive/2024/texmf-dist/tex/generic/pgf/math/pgfmathfunctions.comparison.code.tex) (/usr/local/texlive/2024/texmf-dist/tex/generic/pgf/math/pgfmathfunctions.base.code.tex) (/usr/local/texlive/2024/texmf-dist/tex/generic/pgf/math/pgfmathfunctions.round.code.tex) (/usr/local/texlive/2024/texmf-dist/tex/generic/pgf/math/pgfmathfunctions.misc.code.tex) (/usr/local/texlive/2024/texmf-dist/tex/generic/pgf/math/pgfmathfunctions.integerarithmetics.code.tex) (/usr/local/texlive/2024/texmf-dist/tex/generic/pgf/math/pgfmathcalc.code.tex) (/usr/local/texlive/2024/texmf-dist/tex/generic/pgf/math/pgfmathfloat.code.tex
\c@pgfmathroundto@lastzeros=\count283
)) (/usr/local/texlive/2024/texmf-dist/tex/generic/pgf/math/pgfint.code.tex) (/usr/local/texlive/2024/texmf-dist/tex/generic/pgf/basiclayer/pgfcorepoints.code.tex
File: pgfcorepoints.code.tex 2023-01-15 v3.1.10 (3.1.10)
\pgf@picminx=\dimen175
\pgf@picmaxx=\dimen176
\pgf@picminy=\dimen177
\pgf@picmaxy=\dimen178
\pgf@pathminx=\dimen179
\pgf@pathmaxx=\dimen180
\pgf@pathminy=\dimen181
\pgf@pathmaxy=\dimen182
\pgf@xx=\dimen183
\pgf@xy=\dimen184
\pgf@yx=\dimen185
\pgf@yy=\dimen186
\pgf@zx=\dimen187
\pgf@zy=\dimen188
) (/usr/local/texlive/2024/texmf-dist/tex/generic/pgf/basiclayer/pgfcorepathconstruct.code.tex
File: pgfcorepathconstruct.code.tex 2023-01-15 v3.1.10 (3.1.10)
\pgf@path@lastx=\dimen189
\pgf@path@lasty=\dimen190
) (/usr/local/texlive/2024/texmf-dist/tex/generic/pgf/basiclayer/pgfcorepathusage.code.tex
File: pgfcorepathusage.code.tex 2023-01-15 v3.1.10 (3.1.10)
\pgf@shorten@end@additional=\dimen191
\pgf@shorten@start@additional=\dimen192
) (/usr/local/texlive/2024/texmf-dist/tex/generic/pgf/basiclayer/pgfcorescopes.code.tex
File: pgfcorescopes.code.tex 2023-01-15 v3.1.10 (3.1.10)
\pgfpic=\box56
\pgf@hbox=\box57
\pgf@layerbox@main=\box58
\pgf@picture@serial@count=\count284
) (/usr/local/texlive/2024/texmf-dist/tex/generic/pgf/basiclayer/pgfcoregraphicstate.code.tex
File: pgfcoregraphicstate.code.tex 2023-01-15 v3.1.10 (3.1.10)
\pgflinewidth=\dimen193
) (/usr/local/texlive/2024/texmf-dist/tex/generic/pgf/basiclayer/pgfcoretransformations.code.tex
File: pgfcoretransformations.code.tex 2023-01-15 v3.1.10 (3.1.10)
\pgf@pt@x=\dimen194
\pgf@pt@y=\dimen195
\pgf@pt@temp=\dimen196
) (/usr/local/texlive/2024/texmf-dist/tex/generic/pgf/basiclayer/pgfcorequick.code.tex
File: pgfcorequick.code.tex 2023-01-15 v3.1.10 (3.1.10)
) (/usr/local/texlive/2024/texmf-dist/tex/generic/pgf/basiclayer/pgfcoreobjects.code.tex
File: pgfcoreobjects.code.tex 2023-01-15 v3.1.10 (3.1.10)
) (/usr/local/texlive/2024/texmf-dist/tex/generic/pgf/basiclayer/pgfcorepathprocessing.code.tex
File: pgfcorepathprocessing.code.tex 2023-01-15 v3.1.10 (3.1.10)
) (/usr/local/texlive/2024/texmf-dist/tex/generic/pgf/basiclayer/pgfcorearrows.code.tex
File: pgfcorearrows.code.tex 2023-01-15 v3.1.10 (3.1.10)
\pgfarrowsep=\dimen197
) (/usr/local/texlive/2024/texmf-dist/tex/generic/pgf/basiclayer/pgfcoreshade.code.tex
File: pgfcoreshade.code.tex 2023-01-15 v3.1.10 (3.1.10)
\pgf@max=\dimen198
\pgf@sys@shading@range@num=\count285
\pgf@shadingcount=\count286
) (/usr/local/texlive/2024/texmf-dist/tex/generic/pgf/basiclayer/pgfcoreimage.code.tex
File: pgfcoreimage.code.tex 2023-01-15 v3.1.10 (3.1.10)
) (/usr/local/texlive/2024/texmf-dist/tex/generic/pgf/basiclayer/pgfcoreexternal.code.tex
File: pgfcoreexternal.code.tex 2023-01-15 v3.1.10 (3.1.10)
\pgfexternal@startupbox=\box59
) (/usr/local/texlive/2024/texmf-dist/tex/generic/pgf/basiclayer/pgfcorelayers.code.tex
File: pgfcorelayers.code.tex 2023-01-15 v3.1.10 (3.1.10)
) (/usr/local/texlive/2024/texmf-dist/tex/generic/pgf/basiclayer/pgfcoretransparency.code.tex
File: pgfcoretransparency.code.tex 2023-01-15 v3.1.10 (3.1.10)
) (/usr/local/texlive/2024/texmf-dist/tex/generic/pgf/basiclayer/pgfcorepatterns.code.tex
File: pgfcorepatterns.code.tex 2023-01-15 v3.1.10 (3.1.10)
) (/usr/local/texlive/2024/texmf-dist/tex/generic/pgf/basiclayer/pgfcorerdf.code.tex
File: pgfcorerdf.code.tex 2023-01-15 v3.1.10 (3.1.10)
))) (/usr/local/texlive/2024/texmf-dist/tex/generic/pgf/modules/pgfmoduleshapes.code.tex
File: pgfmoduleshapes.code.tex 2023-01-15 v3.1.10 (3.1.10)
\pgfnodeparttextbox=\box60
) (/usr/local/texlive/2024/texmf-dist/tex/generic/pgf/modules/pgfmoduleplot.code.tex
File: pgfmoduleplot.code.tex 2023-01-15 v3.1.10 (3.1.10)
) (/usr/local/texlive/2024/texmf-dist/tex/latex/pgf/compatibility/pgfcomp-version-0-65.sty
Package: pgfcomp-version-0-65 2023-01-15 v3.1.10 (3.1.10)
\pgf@nodesepstart=\dimen199
\pgf@nodesepend=\dimen256
) (/usr/local/texlive/2024/texmf-dist/tex/latex/pgf/compatibility/pgfcomp-version-1-18.sty
Package: pgfcomp-version-1-18 2023-01-15 v3.1.10 (3.1.10)
)) (/usr/local/texlive/2024/texmf-dist/tex/latex/pgf/utilities/pgffor.sty (/usr/local/texlive/2024/texmf-dist/tex/latex/pgf/utilities/pgfkeys.sty (/usr/local/texlive/2024/texmf-dist/tex/generic/pgf/utilities/pgfkeys.code.tex)) (/usr/local/texlive/2024/texmf-dist/tex/latex/pgf/math/pgfmath.sty (/usr/local/texlive/2024/texmf-dist/tex/generic/pgf/math/pgfmath.code.tex)) (/usr/local/texlive/2024/texmf-dist/tex/generic/pgf/utilities/pgffor.code.tex
Package: pgffor 2023-01-15 v3.1.10 (3.1.10)
\pgffor@iter=\dimen257
\pgffor@skip=\dimen258
\pgffor@stack=\toks33
\pgffor@toks=\toks34
)) (/usr/local/texlive/2024/texmf-dist/tex/generic/pgf/frontendlayer/tikz/tikz.code.tex
Package: tikz 2023-01-15 v3.1.10 (3.1.10)
 (/usr/local/texlive/2024/texmf-dist/tex/generic/pgf/libraries/pgflibraryplothandlers.code.tex
File: pgflibraryplothandlers.code.tex 2023-01-15 v3.1.10 (3.1.10)
\pgf@plot@mark@count=\count287
\pgfplotmarksize=\dimen259
)
\tikz@lastx=\dimen260
\tikz@lasty=\dimen261
\tikz@lastxsaved=\dimen262
\tikz@lastysaved=\dimen263
\tikz@lastmovetox=\dimen264
\tikz@lastmovetoy=\dimen265
\tikzleveldistance=\dimen266
\tikzsiblingdistance=\dimen267
\tikz@figbox=\box61
\tikz@figbox@bg=\box62
\tikz@tempbox=\box63
\tikz@tempbox@bg=\box64
\tikztreelevel=\count288
\tikznumberofchildren=\count289
\tikznumberofcurrentchild=\count290
\tikz@fig@count=\count291
 (/usr/local/texlive/2024/texmf-dist/tex/generic/pgf/modules/pgfmodulematrix.code.tex
File: pgfmodulematrix.code.tex 2023-01-15 v3.1.10 (3.1.10)
\pgfmatrixcurrentrow=\count292
\pgfmatrixcurrentcolumn=\count293
\pgf@matrix@numberofcolumns=\count294
)
\tikz@expandcount=\count295
 (/usr/local/texlive/2024/texmf-dist/tex/generic/pgf/frontendlayer/tikz/libraries/tikzlibrarytopaths.code.tex
File: tikzlibrarytopaths.code.tex 2023-01-15 v3.1.10 (3.1.10)
))) (/usr/local/texlive/2024/texmf-dist/tex/generic/pgf/frontendlayer/tikz/libraries/tikzlibrarycalc.code.tex
File: tikzlibrarycalc.code.tex 2023-01-15 v3.1.10 (3.1.10)
) (/usr/local/texlive/2024/texmf-dist/tex/generic/pgf/frontendlayer/tikz/libraries/tikzlibrarydecorations.code.tex (/usr/local/texlive/2024/texmf-dist/tex/generic/pgf/modules/pgfmoduledecorations.code.tex
\pgfdecoratedcompleteddistance=\dimen268
\pgfdecoratedremainingdistance=\dimen269
\pgfdecoratedinputsegmentcompleteddistance=\dimen270
\pgfdecoratedinputsegmentremainingdistance=\dimen271
\pgf@decorate@distancetomove=\dimen272
\pgf@decorate@repeatstate=\count296
\pgfdecorationsegmentamplitude=\dimen273
\pgfdecorationsegmentlength=\dimen274
)
\tikz@lib@dec@box=\box65
) (/usr/local/texlive/2024/texmf-dist/tex/generic/pgf/frontendlayer/tikz/libraries/tikzlibrarydecorations.pathreplacing.code.tex (/usr/local/texlive/2024/texmf-dist/tex/generic/pgf/libraries/decorations/pgflibrarydecorations.pathreplacing.code.tex)) (/usr/local/texlive/2024/texmf-dist/tex/generic/pgf/frontendlayer/tikz/libraries/tikzlibrarydecorations.markings.code.tex (/usr/local/texlive/2024/texmf-dist/tex/generic/pgf/libraries/decorations/pgflibrarydecorations.markings.code.tex)) (/usr/local/texlive/2024/texmf-dist/tex/generic/pgf/frontendlayer/tikz/libraries/tikzlibraryarrows.code.tex
File: tikzlibraryarrows.code.tex 2023-01-15 v3.1.10 (3.1.10)
 (/usr/local/texlive/2024/texmf-dist/tex/generic/pgf/libraries/pgflibraryarrows.code.tex
File: pgflibraryarrows.code.tex 2023-01-15 v3.1.10 (3.1.10)
\arrowsize=\dimen275
)) (/usr/local/texlive/2024/texmf-dist/tex/generic/pgf/libraries/pgflibraryarrows.meta.code.tex
File: pgflibraryarrows.meta.code.tex 2023-01-15 v3.1.10 (3.1.10)
\pgfarrowinset=\dimen276
\pgfarrowlength=\dimen277
\pgfarrowwidth=\dimen278
\pgfarrowlinewidth=\dimen279
) (/usr/local/texlive/2024/texmf-dist/tex/generic/pgf/frontendlayer/tikz/libraries/tikzlibraryshapes.geometric.code.tex
File: tikzlibraryshapes.geometric.code.tex 2023-01-15 v3.1.10 (3.1.10)
 (/usr/local/texlive/2024/texmf-dist/tex/generic/pgf/libraries/shapes/pgflibraryshapes.geometric.code.tex
File: pgflibraryshapes.geometric.code.tex 2023-01-15 v3.1.10 (3.1.10)
)) (/usr/local/texlive/2024/texmf-dist/tex/generic/pgf/frontendlayer/tikz/libraries/tikzlibrarydecorations.pathmorphing.code.tex (/usr/local/texlive/2024/texmf-dist/tex/generic/pgf/libraries/decorations/pgflibrarydecorations.pathmorphing.code.tex)) (/usr/local/texlive/2024/texmf-dist/tex/generic/pgf/frontendlayer/tikz/libraries/tikzlibrarybabel.code.tex
File: tikzlibrarybabel.code.tex 2023-01-15 v3.1.10 (3.1.10)
) (/usr/local/texlive/2024/texmf-dist/tex/latex/tkz-tab/tkz-tab.sty
Package: tkz-tab 2020/04/29 v2.12c variations (ctan version)
 (/usr/local/texlive/2024/texmf-dist/tex/latex/base/ifthen.sty
Package: ifthen 2022/04/13 v1.1d Standard LaTeX ifthen package (DPC)
) (/usr/local/texlive/2024/texmf-dist/tex/latex/xkeyval/xkeyval.sty
Package: xkeyval 2022/06/16 v2.9 package option processing (HA)
 (/usr/local/texlive/2024/texmf-dist/tex/generic/xkeyval/xkeyval.tex (/usr/local/texlive/2024/texmf-dist/tex/generic/xkeyval/xkvutils.tex
\XKV@toks=\toks35
\XKV@tempa@toks=\toks36
)
\XKV@depth=\count297
File: xkeyval.tex 2014/12/03 v2.7a key=value parser (HA)
)) (/usr/local/texlive/2024/texmf-dist/tex/generic/pgf/frontendlayer/tikz/libraries/tikzlibrarypatterns.code.tex
File: tikzlibrarypatterns.code.tex 2023-01-15 v3.1.10 (3.1.10)
 (/usr/local/texlive/2024/texmf-dist/tex/generic/pgf/libraries/pgflibrarypatterns.code.tex
File: pgflibrarypatterns.code.tex 2023-01-15 v3.1.10 (3.1.10)
))
\tkz@XF=\dimen280
\tkz@YF=\dimen281
\c@tkz@cnt@line=\count298
\c@tkz@cnt@lg=\count299
\c@tkz@cnt@cl=\count300
\c@tkz@cnt@pred=\count301
\c@tkz@cnt@temp=\count302
\c@tkz@cnt@arrow=\count303
\c@tkz@cnt@zone=\count304
\c@tkz@cnt@lgnext=\count305
\c@tkz@cnt@clnext=\count306
\c@tkz@cnt@pair=\count307
\c@tkz@cnt@impair=\count308
\c@tkz@cnt@aw=\count309
) (/usr/local/texlive/2024/texmf-dist/tex/generic/xstring/xstring.sty (/usr/local/texlive/2024/texmf-dist/tex/generic/xstring/xstring.tex
\xs_counta=\count310
\xs_countb=\count311
)
Package: xstring 2023/08/22 v1.86 String manipulations (CT)
) (/usr/local/texlive/2024/texmf-dist/tex/generic/xint/xintexpr.sty (/usr/local/texlive/2024/texmf-dist/tex/generic/xint/xintfrac.sty (/usr/local/texlive/2024/texmf-dist/tex/generic/xint/xint.sty (/usr/local/texlive/2024/texmf-dist/tex/generic/xint/xintcore.sty (/usr/local/texlive/2024/texmf-dist/tex/generic/xint/xintkernel.sty
Package: xintkernel 2022/06/10 v1.4m Paraphernalia for the xint packages (JFB)
\xint_c_ii^xiv=\count312
\xint_c_ii^xxi=\count313
)
Package: xintcore 2022/06/10 v1.4m Expandable arithmetic on big integers (JFB)
\xint_c_x^viii=\count314
\xint_c_x^ix=\count315
\xint_c_x^viii_mone=\count316
\xint_c_xii_e_viii=\count317
\xint_c_xi_e_viii_mone=\count318
)
Package: xint 2022/06/10 v1.4m Expandable operations on big integers (JFB)
\xint_c_nine_x^viii=\count319
)
Package: xintfrac 2022/06/10 v1.4m Expandable operations on fractions (JFB)
) (/usr/local/texlive/2024/texmf-dist/tex/generic/xint/xinttools.sty
Package: xinttools 2022/06/10 v1.4m Expandable and non-expandable utilities (JFB)
\XINT_toks=\toks37
)
Package: xintexpr 2022/06/10 v1.4m Expandable expression parser (JFB)
 (/usr/local/texlive/2024/texmf-dist/tex/generic/xint/xinttrig.sty
Package: xinttrig 2022/06/10 v1.4m Trigonometrical functions for xintexpr (JFB)
) (/usr/local/texlive/2024/texmf-dist/tex/generic/xint/xintlog.sty
Package: xintlog 2022/06/10 v1.4m Logarithms and exponentials for xintexpr (JFB)
 (/usr/local/texlive/2024/texmf-dist/tex/generic/poormanlog/poormanlog.sty
Package: poormanlog 2022/05/25 v0.07 base 10 log and pow with 9 digits (JFB)
 (/usr/local/texlive/2024/texmf-dist/tex/generic/poormanlog/poormanlog.tex)))) (/usr/local/texlive/2024/texmf-dist/tex/generic/xint/xintbinhex.sty
Package: xintbinhex 2022/06/10 v1.4m Expandable binary and hexadecimal conversions (JFB)
\xint_c_ii^xv=\count320
\xint_c_ii^xvi=\count321
) (/usr/local/texlive/2024/texmf-dist/tex/generic/randomlist/randomlist.sty
Package: randomlist 2017/09/11 v1.3 Package for random list (JCC, CT)
 (/usr/local/texlive/2024/texmf-dist/tex/generic/randomlist/randomlist.tex
\RL@random=\count322
\RL@random@a=\count323
\RL@random@b=\count324
\@ListOfList=\toks38
\RL@counti=\count325
\RL@countii=\count326
\RL@countiii=\count327
\RL@hdle=\read3
)) (/usr/local/texlive/2024/texmf-dist/tex/generic/simplekv/simplekv.sty (/usr/local/texlive/2024/texmf-dist/tex/generic/simplekv/simplekv.tex)
Package: simplekv 2023/10/02 v0.2c Simple keyval package (CT)
) (/usr/local/texlive/2024/texmf-dist/tex/generic/listofitems/listofitems.sty
(/usr/local/texlive/2024/texmf-dist/tex/generic/listofitems/listofitems.tex
\loi_cnt_foreach_nest=\count328
\loi_nestcnt=\count329
)
Package: listofitems 2024/03/09 v1.65 Grab items in lists using user-specified sep char (CT)
) (/usr/local/texlive/2024/texmf-dist/tex/latex/tabularray/tabularray.sty (/usr/local/texlive/2024/texmf-dist/tex/latex/l3kernel/expl3.sty
Package: expl3 2024-02-20 L3 programming layer (loader) 
 (/usr/local/texlive/2024/texmf-dist/tex/latex/l3backend/l3backend-xetex.def
File: l3backend-xetex.def 2024-02-20 L3 backend support: XeTeX
\g__graphics_track_int=\count330
\l__pdf_internal_box=\box66
\g__pdf_backend_object_int=\count331
\g__pdf_backend_annotation_int=\count332
\g__pdf_backend_link_int=\count333
))
Package: tabularray 2024-02-16 v2024A Typeset tabulars and arrays with LaTeX3
\l__tblr_a_int=\count334
\l__tblr_c_int=\count335
\l__tblr_r_int=\count336
\l__tblr_d_dim=\dimen282
\l__tblr_h_dim=\dimen283
\l__tblr_o_dim=\dimen284
\l__tblr_p_dim=\dimen285
\l__tblr_q_dim=\dimen286
\l__tblr_r_dim=\dimen287
\l__tblr_s_dim=\dimen288
\l__tblr_t_dim=\dimen289
\l__tblr_v_dim=\dimen290
\l__tblr_w_dim=\dimen291
\l__tblr_a_box=\box67
\l__tblr_b_box=\box68
\l__tblr_c_box=\box69
\l__tblr_d_box=\box70
\g__tblr_table_count_int=\count337
\c@rownum=\count338
\c@colnum=\count339
\c@rowcount=\count340
\c@colcount=\count341
\abovesep=\dimen292
\belowsep=\dimen293
\leftsep=\dimen294
\rightsep=\dimen295
\g_tblr_level_int=\count342
\g__tblr_data_row_key_count_int=\count343
\g__tblr_data_column_key_count_int=\count344
\g__tblr_data_cell_key_count_int=\count345
\g__tblr_array_int=\count346
\l__tblr_key_count_int=\count347
\l__tblr_key_quotient_int=\count348
\l__tblr_key_quotient_two_int=\count349
\l__tblr_key_remainder_int=\count350
\g__tblr_data_str_value_count_int=\count351
\rulewidth=\dimen296
\l__tblr_strut_dp_dim=\dimen297
\l__tblr_strut_ht_dim=\dimen298
\g__tblr_cell_wd_dim=\dimen299
\g__tblr_cell_ht_dim=\dimen300
\g__tblr_cell_head_dim=\dimen301
\g__tblr_cell_foot_dim=\dimen302
\l__column_target_dim=\dimen303
\l__tblr_caption_box=\box71
\l__tblr_caption_left_box=\box72
\l__tblr_row_head_box=\box73
\l__tblr_row_foot_box=\box74
\l__tblr_row_head_foot_dim=\dimen304
\tablewidth=\dimen305
\l__tblr_table_firsthead_box=\box75
\l__tblr_table_middlehead_box=\box76
\l__tblr_table_lasthead_box=\box77
\l__tblr_table_firstfoot_box=\box78
\l__tblr_table_middlefoot_box=\box79
\l__tblr_table_lastfoot_box=\box80
\l__tblr_remain_height_dim=\dimen306
\l__tblr_long_from_int=\count352
\l__tblr_long_to_int=\count353
\l__tblr_curr_i_int=\count354
\l__tblr_prev_i_int=\count355
\l__tblr_table_page_int=\count356
\l__tblr_table_head_box=\box81
\l__tblr_table_foot_box=\box82
\l__tblr_table_head_foot_dim=\dimen307
\l__tblr_table_head_body_foot_dim=\dimen308
\l__tblr_table_box=\box83
\l__tblr_table_hlines_box=\box84
\l__tblr_hline_box=\box85
\l__tblr_row_box=\box86
\l__tblr_col_o_wd_dim=\dimen309
\l__tblr_col_b_wd_dim=\dimen310
\l__tblr_hline_leftskip_dim=\dimen311
\l__tblr_hline_rightskip_dim=\dimen312
\l__tblr_row_ht_dim=\dimen313
\l__tblr_row_dp_dim=\dimen314
\l__tblr_row_abovesep_dim=\dimen315
\l__tblr_row_belowsep_dim=\dimen316
\l__tblr_row_vlines_box=\box87
\l__tblr_vline_box=\box88
\l__tblr_cell_box=\box89
\l__row_upper_dim=\dimen317
\l__row_lower_dim=\dimen318
\l__row_vpace_dim=\dimen319
\l__tblr_vline_aboveskip_dim=\dimen320
\l__tblr_vline_belowskip_dim=\dimen321
\l__tblr_cell_wd_dim=\dimen322
\l__tblr_cell_ht_dim=\dimen323
\l__tblr_diag_box=\box90
) (/usr/local/texlive/2024/texmf-dist/tex/latex/oberdiek/settobox.sty
Package: settobox 2016/05/16 v1.5 Assign box dimensions to length registers (HO)
) (/usr/local/texlive/2024/texmf-dist/tex/generic/hologo/hologo.sty
Package: hologo 2021-11-16 v1.15 A logo collection with bookmark support (HO)
 (/usr/local/texlive/2024/texmf-dist/tex/generic/ltxcmds/ltxcmds.sty
Package: ltxcmds 2023-12-04 v1.26 LaTeX kernel commands for general use (HO)
) (/usr/local/texlive/2024/texmf-dist/tex/generic/infwarerr/infwarerr.sty
Package: infwarerr 2019/12/03 v1.5 Providing info/warning/error messages (HO)
) (/usr/local/texlive/2024/texmf-dist/tex/latex/kvsetkeys/kvsetkeys.sty
Package: kvsetkeys 2022-10-05 v1.19 Key value parser (HO)
) (/usr/local/texlive/2024/texmf-dist/tex/generic/kvdefinekeys/kvdefinekeys.sty
Package: kvdefinekeys 2019-12-19 v1.6 Define keys (HO)
) (/usr/local/texlive/2024/texmf-dist/tex/generic/pdftexcmds/pdftexcmds.sty
Package: pdftexcmds 2020-06-27 v0.33 Utility functions of pdfTeX for LuaTeX (HO)
 (/usr/local/texlive/2024/texmf-dist/tex/generic/iftex/iftex.sty
Package: iftex 2022/02/03 v1.0f TeX engine tests
)
Package pdftexcmds Info: \pdf@primitive is available.
Package pdftexcmds Info: \pdf@ifprimitive is available.
Package pdftexcmds Info: \pdfdraftmode not found.
)) (/usr/local/texlive/2024/texmf-dist/tex/latex/fancyvrb/fancyvrb.sty
Package: fancyvrb 2024/01/20 4.5c verbatim text (tvz,hv)
\FV@CodeLineNo=\count357
\FV@InFile=\read4
\FV@TabBox=\box91
\c@FancyVerbLine=\count358
\FV@StepNumber=\count359
\FV@OutFile=\write4
) (/usr/local/texlive/2024/texmf-dist/tex/latex/units/nicefrac.sty
Package: nicefrac 1998/08/04 v0.9b Nice fractions
\L@UnitsRaiseDisplaystyle=\skip57
\L@UnitsRaiseTextstyle=\skip58
\L@UnitsRaiseScriptstyle=\skip59
) (/usr/local/texlive/2024/texmf-dist/tex/latex/siunitx/siunitx.sty
Package: siunitx 2024-02-15 v3.3.12 A comprehensive (SI) units package
\l__siunitx_number_uncert_offset_int=\count360
\l__siunitx_number_exponent_fixed_int=\count361
\l__siunitx_number_min_decimal_int=\count362
\l__siunitx_number_min_integer_int=\count363
\l__siunitx_number_round_precision_int=\count364
\l__siunitx_number_lower_threshold_int=\count365
\l__siunitx_number_upper_threshold_int=\count366
\l__siunitx_number_group_first_int=\count367
\l__siunitx_number_group_size_int=\count368
\l__siunitx_number_group_minimum_int=\count369
\l__siunitx_angle_tmp_dim=\dimen324
\l__siunitx_angle_marker_box=\box92
\l__siunitx_angle_unit_box=\box93
\l__siunitx_compound_count_int=\count370
 (/usr/local/texlive/2024/texmf-dist/tex/latex/translations/translations.sty
Package: translations 2022/02/05 v1.12 internationalization of LaTeX2e packages (CN)
 (/usr/local/texlive/2024/texmf-dist/tex/latex/etoolbox/etoolbox.sty
Package: etoolbox 2020/10/05 v2.5k e-TeX tools for LaTeX (JAW)
\etb@tempcnta=\count371
))
\l__siunitx_table_tmp_box=\box94
\l__siunitx_table_tmp_dim=\dimen325
\l__siunitx_table_column_width_dim=\dimen326
\l__siunitx_table_integer_box=\box95
\l__siunitx_table_decimal_box=\box96
\l__siunitx_table_uncert_box=\box97
\l__siunitx_table_before_box=\box98
\l__siunitx_table_after_box=\box99
\l__siunitx_table_before_dim=\dimen327
\l__siunitx_table_carry_dim=\dimen328
\l__siunitx_unit_tmp_int=\count372
\l__siunitx_unit_position_int=\count373
\l__siunitx_unit_total_int=\count374
 (/usr/local/texlive/2024/texmf-dist/tex/latex/tools/array.sty
Package: array 2023/10/16 v2.5g Tabular extension package (FMi)
\col@sep=\dimen329
\ar@mcellbox=\box100
\extrarowheight=\dimen330
\NC@list=\toks39
\extratabsurround=\skip60
\backup@length=\skip61
\ar@cellbox=\box101
)) (/usr/local/texlive/2024/texmf-dist/tex/latex/fontawesome5/fontawesome5.sty
Package: fontawesome5 2022/05/02 v5.15.4 Font Awesome 5
 (/usr/local/texlive/2024/texmf-dist/tex/latex/l3packages/l3keys2e/l3keys2e.sty
Package: l3keys2e 2024-02-18 LaTeX2e option processing using LaTeX3 keys
) (/usr/local/texlive/2024/texmf-dist/tex/latex/l3packages/xparse/xparse.sty
Package: xparse 2024-02-18 L3 Experimental document command parser
) (/usr/local/texlive/2024/texmf-dist/tex/latex/fontawesome5/fontawesome5-utex-helper.sty
Package: fontawesome5-utex-helper 2022/05/02 v5.15.4 uTeX helper for fontawesome5
LaTeX Font Info:    Trying to load font information for TU+fontawesomefree on input line 69.
 (/usr/local/texlive/2024/texmf-dist/tex/latex/fontawesome5/tufontawesomefree.fd)
LaTeX Font Info:    Trying to load font information for TU+fontawesomebrands on input line 70.
 (/usr/local/texlive/2024/texmf-dist/tex/latex/fontawesome5/tufontawesomebrands.fd))) (/usr/local/texlive/2024/texmf-dist/tex/latex/tcolorbox/tcolorbox.sty
Package: tcolorbox 2024/01/10 version 6.2.0 text color boxes
 (/usr/local/texlive/2024/texmf-dist/tex/latex/tools/verbatim.sty
Package: verbatim 2023-11-06 v1.5v LaTeX2e package for verbatim enhancements
\every@verbatim=\toks40
\verbatim@line=\toks41
\verbatim@in@stream=\read5
) (/usr/local/texlive/2024/texmf-dist/tex/latex/environ/environ.sty
Package: environ 2014/05/04 v0.3 A new way to define environments
 (/usr/local/texlive/2024/texmf-dist/tex/latex/trimspaces/trimspaces.sty
Package: trimspaces 2009/09/17 v1.1 Trim spaces around a token list
))
\tcb@titlebox=\box102
\tcb@upperbox=\box103
\tcb@lowerbox=\box104
\tcb@phantombox=\box105
\c@tcbbreakpart=\count375
\c@tcblayer=\count376
\c@tcolorbox@number=\count377
\l__tcobox_tmpa_box=\box106
\l__tcobox_tmpa_dim=\dimen331
\tcb@temp=\box107
\tcb@temp=\box108
\tcb@temp=\box109
\tcb@temp=\box110
) (/usr/local/texlive/2024/texmf-dist/tex/latex/tcolorbox/tcbbreakable.code.tex
Library (tcolorbox): 'tcbbreakable.code.tex' version '6.2.0'
(/usr/local/texlive/2024/texmf-dist/tex/latex/pdfcol/pdfcol.sty
Package: pdfcol 2022-09-21 v1.7 Handle new color stacks for pdfTeX (HO)
Package pdfcol Info: Interface disabled because of missing PDF mode of pdfTeX.
)
Package pdfcol Info: pdfTeX's color stacks are not available.
\tcb@testbox=\box111
\tcb@totalupperbox=\box112
\tcb@totallowerbox=\box113
) (/usr/local/texlive/2024/texmf-dist/tex/latex/tcolorbox/tcbfitting.code.tex
Library (tcolorbox): 'tcbfitting.code.tex' version '6.2.0'
\tcbfitdim=\dimen332
\tcb@lowerfitdim=\dimen333
\tcb@upperfitdim=\dimen334
\tcb@cur@hbadness=\count378
) (/usr/local/texlive/2024/texmf-dist/tex/latex/tcolorbox/tcbskins.code.tex
Library (tcolorbox): 'tcbskins.code.tex' version '6.2.0'
(/usr/local/texlive/2024/texmf-dist/tex/latex/tikzfill/tikzfill.image.sty
Package: tikzfill.image 2023/08/08 v1.0.1 Image filling library for TikZ
 (/usr/local/texlive/2024/texmf-dist/tex/latex/tikzfill/tikzfill-common.sty
Package: tikzfill-common 2023/08/08 v1.0.1 Auxiliary code for tikzfill
) (/usr/local/texlive/2024/texmf-dist/tex/latex/tikzfill/tikzlibraryfill.image.code.tex
File: tikzlibraryfill.image.code.tex 2023/08/08 v1.0.1 Image filling library
\l__tikzfill_img_box=\box114
)) (/usr/local/texlive/2024/texmf-dist/tex/latex/tcolorbox/tcbskinsjigsaw.code.tex
Library (tcolorbox): 'tcbskinsjigsaw.code.tex' version '6.2.0'
)) (/usr/local/texlive/2024/texmf-dist/tex/latex/tcolorbox/tcblistings.code.tex
Library (tcolorbox): 'tcblistings.code.tex' version '6.2.0'
(/usr/local/texlive/2024/texmf-dist/tex/latex/listings/listings.sty
\lst@mode=\count379
\lst@gtempboxa=\box115
\lst@token=\toks42
\lst@length=\count380
\lst@currlwidth=\dimen335
\lst@column=\count381
\lst@pos=\count382
\lst@lostspace=\dimen336
\lst@width=\dimen337
\lst@newlines=\count383
\lst@lineno=\count384
\lst@maxwidth=\dimen338
 (/usr/local/texlive/2024/texmf-dist/tex/latex/listings/lstpatch.sty
File: lstpatch.sty 2024/02/21 1.10 (Carsten Heinz)
) (/usr/local/texlive/2024/texmf-dist/tex/latex/listings/lstmisc.sty
File: lstmisc.sty 2024/02/21 1.10 (Carsten Heinz)
\c@lstnumber=\count385
\lst@skipnumbers=\count386
\lst@framebox=\box116
) (/usr/local/texlive/2024/texmf-dist/tex/latex/listings/listings.cfg
File: listings.cfg 2024/02/21 1.10 listings configuration
))
Package: listings 2024/02/21 1.10 (Carsten Heinz)
 (/usr/local/texlive/2024/texmf-dist/tex/latex/tcolorbox/tcblistingscore.code.tex
Library (tcolorbox): 'tcblistingscore.code.tex' version '6.2.0'
(/usr/local/texlive/2024/texmf-dist/tex/latex/tcolorbox/tcbprocessing.code.tex
Library (tcolorbox): 'tcbprocessing.code.tex' version '6.2.0'
)
\c@tcblisting=\count387
)) (/usr/local/texlive/2024/texmf-dist/tex/latex/tcolorbox/tcblistingsutf8.code.tex
Library (tcolorbox): 'tcblistingsutf8.code.tex' version '6.2.0'
Package tcolorbox Info: Library `listingsutf8' is compatible with pdftex only. Library `listings` is loaded instead. on input line 29.
) (/usr/local/texlive/2024/texmf-dist/tex/latex/tcolorbox/tcbhooks.code.tex
Library (tcolorbox): 'tcbhooks.code.tex' version '6.2.0'
) (/usr/local/texlive/2024/texmf-dist/tex/latex/proflycee/proflycee-tools-listings.tex
\PythonCodeXLeft=\skip62
\PseudoCodeXLeft=\skip63
) (/usr/local/texlive/2024/texmf-dist/tex/latex/proflycee/proflycee-tools-trigo.tex) (/usr/local/texlive/2024/texmf-dist/tex/latex/proflycee/proflycee-tools-probas.tex (/usr/local/texlive/2024/texmf-dist/tex/latex/commalists-tools/commalists-tools.sty
Package: commalists-tools 2024/10/24 0.1.4 Basic operations for numeral comma separated lists
)) (/usr/local/texlive/2024/texmf-dist/tex/latex/proflycee/proflycee-tools-stats.tex) (/usr/local/texlive/2024/texmf-dist/tex/latex/proflycee/proflycee-tools-arithm.tex (/usr/local/texlive/2024/texmf-dist/tex/generic/modulus/modulus.sty
Package: modulus 2018/05/07 v1.0 Modulus/modulo operator in plain TeX
\remainder=\count388
\intquotient=\count389
) (/usr/local/texlive/2024/texmf-dist/tex/generic/xint/xintgcd.sty
Package: xintgcd 2022/06/10 v1.4m Euclide algorithm with xint package (JFB)
) (/usr/local/texlive/2024/texmf-dist/tex/latex/cancel/cancel.sty
Package: cancel 2013/04/12 v2.2 Cancel math terms
)
\colspecbinadd=\skip64
\widestcharwd=\skip65
\charwd=\skip66
\heightercharht=\skip67
) (/usr/local/texlive/2024/texmf-dist/tex/latex/proflycee/proflycee-tools-graphiques.tex) (/usr/local/texlive/2024/texmf-dist/tex/latex/proflycee/proflycee-tools-analyse.tex) (/usr/local/texlive/2024/texmf-dist/tex/latex/proflycee/proflycee-tools-aleatoire.tex) (/usr/local/texlive/2024/texmf-dist/tex/latex/proflycee/proflycee-tools-suites.tex
\CompteurSeuil=\count390
) (/usr/local/texlive/2024/texmf-dist/tex/latex/proflycee/proflycee-tools-complexes.tex) (/usr/local/texlive/2024/texmf-dist/tex/latex/proflycee/proflycee-tools-geom.tex (/usr/local/texlive/2024/texmf-dist/tex/latex/nicematrix/nicematrix.sty
Package: nicematrix 2024/02/19 v6.27a Enhanced arrays with the help of PGF/TikZ
\g__nicematrix_env_int=\count391
\g__nicematrix_NiceMatrixBlock_int=\count392
\g__nicematrix_notes_caption_int=\count393
\l__nicematrix_columns_width_dim=\dimen339
\l__nicematrix_col_width_dim=\dimen340
\g__nicematrix_row_total_int=\count394
\g__nicematrix_col_total_int=\count395
\g__nicematrix_last_row_node_int=\count396
\l__nicematrix_key_nb_rows_int=\count397
\g__nicematrix_blocks_wd_dim=\dimen341
\g__nicematrix_blocks_ht_dim=\dimen342
\g__nicematrix_blocks_dp_dim=\dimen343
\l__nicematrix_width_dim=\dimen344
\l__nicematrix_tabular_width_dim=\dimen345
\l__nicematrix_rule_width_dim=\dimen346
\l__nicematrix_old_iRow_int=\count398
\l__nicematrix_old_jCol_int=\count399
\g__nicematrix_total_X_weight_int=\count400
\l__nicematrix_X_columns_dim=\dimen347
\l__nicematrix_x_initial_dim=\dimen348
\l__nicematrix_y_initial_dim=\dimen349
\l__nicematrix_x_final_dim=\dimen350
\l__nicematrix_y_final_dim=\dimen351
\l__nicematrix_tmpc_dim=\dimen352
\l__nicematrix_tmpd_dim=\dimen353
\g__nicematrix_width_last_col_dim=\dimen354
\g__nicematrix_width_first_col_dim=\dimen355
\l__nicematrix_row_min_int=\count401
\l__nicematrix_row_max_int=\count402
\l__nicematrix_col_min_int=\count403
\l__nicematrix_col_max_int=\count404
\l__nicematrix_start_int=\count405
\l__nicematrix_end_int=\count406
\l__nicematrix_local_start_int=\count407
\l__nicematrix_local_end_int=\count408
\g__nicematrix_static_num_of_col_int=\count409
\l__nicematrix_rounded_corners_dim=\dimen356
\l__nicematrix_tab_rounded_corners_dim=\dimen357
\l__nicematrix_offset_dim=\dimen358
\l__nicematrix_line_width_dim=\dimen359
\g__nicematrix_block_box_int=\count410
\l__nicematrix_submatrix_extra_height_dim=\dimen360
\l__nicematrix_submatrix_left_xshift_dim=\dimen361
\l__nicematrix_submatrix_right_xshift_dim=\dimen362
\l__nicematrix_first_row_int=\count411
\l__nicematrix_first_col_int=\count412
\l__nicematrix_last_row_int=\count413
\l__nicematrix_last_col_int=\count414
\c@tabularnote=\count415
\c@nicematrix_draft=\count416
\l__nicematrix_cell_space_top_limit_dim=\dimen363
\l__nicematrix_cell_space_bottom_limit_dim=\dimen364
\l__nicematrix_xdots_inter_dim=\dimen365
\l__nicematrix_xdots_shorten_start_dim=\dimen366
\l__nicematrix_xdots_shorten_end_dim=\dimen367
\l__nicematrix_xdots_radius_dim=\dimen368
\l__nicematrix_notes_above_space_dim=\dimen369
\l__nicematrix_left_margin_dim=\dimen370
\l__nicematrix_right_margin_dim=\dimen371
\l__nicematrix_extra_left_margin_dim=\dimen372
\l__nicematrix_extra_right_margin_dim=\dimen373
\c__nicematrix_max_l_dim=\dimen374
\l__nicematrix_position_int=\count417
\l__nicematrix_multiplicity_int=\count418
\l__nicematrix_brace_yshift_dim=\dimen375
)) (/usr/local/texlive/2024/texmf-dist/tex/latex/proflycee/proflycee-tools-recreat.tex
\c@CFnum=\count419
 (/usr/local/texlive/2024/texmf-dist/tex/generic/pgf/frontendlayer/tikz/libraries/tikzlibrarylindenmayersystems.code.tex (/usr/local/texlive/2024/texmf-dist/tex/generic/pgf/libraries/pgflibrarylindenmayersystems.code.tex
\pgflsystemstep=\dimen376
\c@pgf@lsystem@iteration=\count420
)) (/usr/local/texlive/2024/texmf-dist/tex/generic/pgf/frontendlayer/tikz/libraries/tikzlibrarypatterns.meta.code.tex (/usr/local/texlive/2024/texmf-dist/tex/generic/pgf/libraries/pgflibrarypatterns.meta.code.tex)) (/usr/local/texlive/2024/texmf-dist/tex/generic/pgf/frontendlayer/tikz/libraries/tikzlibraryshadings.code.tex
File: tikzlibraryshadings.code.tex 2023-01-15 v3.1.10 (3.1.10)
 (/usr/local/texlive/2024/texmf-dist/tex/generic/pgf/libraries/pgflibraryshadings.code.tex
File: pgflibraryshadings.code.tex 2023-01-15 v3.1.10 (3.1.10)
)) (/usr/local/texlive/2024/texmf-dist/tex/latex/datetime2/datetime2.sty
Package: datetime2 2021/03/21 v1.5.7 (NLCT) date and time formats
 (/usr/local/texlive/2024/texmf-dist/tex/latex/tracklang/tracklang.sty
Package: tracklang 2022/12/13 v1.6.1 (NLCT) Track Languages
 (/usr/local/texlive/2024/texmf-dist/tex/generic/tracklang/tracklang.tex)) (/usr/local/texlive/2024/texmf-dist/tex/latex/datetime2-french/datetime2-french.ldf
File: datetime2-french.ldf 2020/09/21 v1.03
 (/usr/local/texlive/2024/texmf-dist/tex/generic/iftex/ifxetex.sty
Package: ifxetex 2019/10/25 v0.7 ifxetex legacy package. Use iftex instead.
) (/usr/local/texlive/2024/texmf-dist/tex/generic/iftex/ifluatex.sty
Package: ifluatex 2019/10/25 v1.5 ifluatex legacy package. Use iftex instead.
) (/usr/local/texlive/2024/texmf-dist/tex/latex/datetime2-french/datetime2-french-utf8.ldf
File: datetime2-french-utf8.ldf 2020/09/21 v1.03
))) (/usr/local/texlive/2024/texmf-dist/tex/latex/datetime2/datetime2-calc.sty
Package: datetime2-calc 2021/03/21 v1.5.7 (NLCT)
 (/usr/local/texlive/2024/texmf-dist/tex/latex/pgf/utilities/pgfcalendar.sty (/usr/local/texlive/2024/texmf-dist/tex/generic/pgf/utilities/pgfcalendar.code.tex
File: pgfcalendar.code.tex 2023-01-15 v3.1.10 (3.1.10)
\pgfcalendarcurrentjulian=\count421
\pgf@cal@easter@Y=\count422
\pgf@cal@easter@G=\count423
\pgf@cal@easter@C=\count424
\pgf@cal@easter@X=\count425
\pgf@cal@easter@Z=\count426
\pgf@cal@easter@D=\count427
\pgf@cal@easter@E=\count428
\pgf@cal@easter@N=\count429
\pgf@cal@easter@M=\count430
\pgf@cal@easter@julianday=\count431
))
\@dtm@julianday=\count432
)
\tmpmyct=\count433
) (/usr/local/texlive/2024/texmf-dist/tex/latex/proflycee/proflycee-tools-competences.tex) (/usr/local/texlive/2024/texmf-dist/tex/latex/proflycee/proflycee-tools-exams.tex) (/usr/local/texlive/2024/texmf-dist/tex/latex/proflycee/proflycee-tools-cliparts.tex
\tmpcharacterheightinline=\skip68
\tmpcharacterdepthinline=\skip69
\tmptotalheightcurrenttxt=\skip70
\tmptotaldepthcurrenttxt=\skip71
))
Package translations Info: No language package found. I am going to use `english' as default language. on input line 4.
 (./temporary.aux)
\openout1 = `temporary.aux'.

LaTeX Font Info:    Checking defaults for OML/cmm/m/it on input line 4.
LaTeX Font Info:    ... okay on input line 4.
LaTeX Font Info:    Checking defaults for OMS/cmsy/m/n on input line 4.
LaTeX Font Info:    ... okay on input line 4.
LaTeX Font Info:    Checking defaults for OT1/cmr/m/n on input line 4.
LaTeX Font Info:    ... okay on input line 4.
LaTeX Font Info:    Checking defaults for T1/cmr/m/n on input line 4.
LaTeX Font Info:    ... okay on input line 4.
LaTeX Font Info:    Checking defaults for TS1/cmr/m/n on input line 4.
LaTeX Font Info:    Trying to load font information for TS1+cmr on input line 4.
 (/usr/local/texlive/2024/texmf-dist/tex/latex/base/ts1cmr.fd
File: ts1cmr.fd 2023/04/13 v2.5m Standard LaTeX font definitions
)
LaTeX Font Info:    ... okay on input line 4.
LaTeX Font Info:    Checking defaults for TU/lmr/m/n on input line 4.
LaTeX Font Info:    ... okay on input line 4.
LaTeX Font Info:    Checking defaults for OMX/cmex/m/n on input line 4.
LaTeX Font Info:    ... okay on input line 4.
LaTeX Font Info:    Checking defaults for U/cmr/m/n on input line 4.
LaTeX Font Info:    ... okay on input line 4.
 (/usr/local/texlive/2024/texmf-dist/tex/latex/ninecolors/ninecolors.sty
Package: ninecolors 2022-02-13 v2022D Select colors with proper color contrast
) (/usr/local/texlive/2024/texmf-dist/tex/latex/translations/translations-basic-dictionary-english.trsl
File: translations-basic-dictionary-english.trsl (english translation file `translations-basic-dictionary')
)
Package translations Info: loading dictionary `translations-basic-dictionary' for `english'. on input line 4.
\c@lstlisting=\count434
\c__nicematrix_shift_Ldots_last_row_dim=\dimen377
\c__nicematrix_shift_exterior_Vdots_dim=\dimen378
\c__nicematrix_innersep_middle_dim=\dimen379
LaTeX Font Info:    Trying to load font information for U+msa on input line 7.
 (/usr/local/texlive/2024/texmf-dist/tex/latex/amsfonts/umsa.fd
File: umsa.fd 2013/01/14 v3.01 AMS symbols A
)
LaTeX Font Info:    Trying to load font information for U+msb on input line 7.
 (/usr/local/texlive/2024/texmf-dist/tex/latex/amsfonts/umsb.fd
File: umsb.fd 2013/01/14 v3.01 AMS symbols B
)
Overfull \hbox (10.88998pt too wide) in paragraph at lines 18--19
[]\TU/lmr/m/n/10 Le responsable du péage sait que lorsque l’affluence dépasse 50 véhicules,
 []

[1

] (./temporary.aux)
 ***********
LaTeX2e <2023-11-01> patch level 1
L3 programming layer <2024-02-20>
 ***********
 ) 
Here is how much of TeX's memory you used:
 45472 strings out of 474773
 1020511 string characters out of 5757724
 1924839 words of memory out of 5000000
 67014 multiletter control sequences out of 15000+600000
 559792 words of font info for 47 fonts, out of 8000000 for 9000
 1348 hyphenation exceptions out of 8191
 117i,5n,121p,2845b,403s stack positions out of 10000i,1000n,20000p,200000b,200000s

Output written on temporary.xdv (1 page, 9164 bytes).
